Using pre-set license
Built from '2020.3/staging' branch; Version is '2020.3.25f1 (9b9180224418) revision 10195328'; Using compiler version '192528614'; Build Type 'Release'
OS: 'Windows 11  (10.0.22000) 64bit Professional' Language: 'en' Physical Memory: 32679 MB
BatchMode: 1, IsHumanControllingUs: 0, StartBugReporterOnCrash: 0, Is64bit: 1, IsPro: 0

COMMAND LINE ARGUMENTS:
D:\Unity\2020.3.25f1\Editor\Unity.exe
-adb2
-batchMode
-noUpm
-name
AssetImportWorker0
-projectPath
D:/Unity Projects/OculusSDK
-logFile
Logs/AssetImportWorker0.log
-srvPort
65103
Successfully changed project path to: D:/Unity Projects/OculusSDK
D:/Unity Projects/OculusSDK
Using Asset Import Pipeline V2.
Refreshing native plugins compatible for Editor in 49.93 ms, found 6 plugins.
Preloading 1 native plugins for Editor in 0.57 ms.
Initialize engine version: 2020.3.25f1 (9b9180224418)
[Subsystems] Discovering subsystems at path D:/Unity/2020.3.25f1/Editor/Data/Resources/UnitySubsystems
[Subsystems] Discovering subsystems at path D:/Unity Projects/OculusSDK/Assets
GfxDevice: creating device client; threaded=0
Direct3D:
    Version:  Direct3D 11.0 [level 11.1]
    Renderer: AMD Radeon RX 6800 XT (ID=0x73bf)
    Vendor:   
    VRAM:     16337 MB
    Driver:   30.0.14011.3017
Shader 'Oculus/OVRMRCameraFrameLit': fallback shader 'Alpha-Diffuse' not found
Initialize mono
Mono path[0] = 'D:/Unity/2020.3.25f1/Editor/Data/Managed'
Mono path[1] = 'D:/Unity/2020.3.25f1/Editor/Data/MonoBleedingEdge/lib/mono/unityjit'
Mono config path = 'D:/Unity/2020.3.25f1/Editor/Data/MonoBleedingEdge/etc'
Using monoOptions --debugger-agent=transport=dt_socket,embedding=1,server=y,suspend=n,address=127.0.0.1:56568
Begin MonoManager ReloadAssembly
Registering precompiled unity dll's ...
Register platform support module: D:/Unity/2020.3.25f1/Editor/Data/PlaybackEngines/WebGLSupport/UnityEditor.WebGL.Extensions.dll
Register platform support module: D:/Unity/2020.3.25f1/Editor/Data/PlaybackEngines/WindowsStandaloneSupport/UnityEditor.WindowsStandalone.Extensions.dll
Registered in 0.000834 seconds.
Native extension for WindowsStandalone target not found
Native extension for WebGL target not found
Refreshing native plugins compatible for Editor in 43.45 ms, found 6 plugins.
Preloading 1 native plugins for Editor in 0.03 ms.
Mono: successfully reloaded assembly
- Completed reload, in  0.402 seconds
Domain Reload Profiling:
	ReloadAssembly (402ms)
		BeginReloadAssembly (40ms)
			ExecutionOrderSort (0ms)
			DisableScriptedObjects (0ms)
			BackupInstance (0ms)
			ReleaseScriptingObjects (0ms)
			CreateAndSetChildDomain (1ms)
		EndReloadAssembly (317ms)
			LoadAssemblies (40ms)
			RebuildTransferFunctionScriptingTraits (0ms)
			SetupTypeCache (90ms)
			ReleaseScriptCaches (0ms)
			RebuildScriptCaches (18ms)
			SetupLoadedEditorAssemblies (131ms)
				LogAssemblyErrors (0ms)
				InitializePlatformSupportModulesInManaged (3ms)
				SetLoadedEditorAssemblies (0ms)
				RefreshPlugins (44ms)
				BeforeProcessingInitializeOnLoad (6ms)
				ProcessInitializeOnLoadAttributes (59ms)
				ProcessInitializeOnLoadMethodAttributes (19ms)
				AfterProcessingInitializeOnLoad (0ms)
				EditorAssembliesLoaded (0ms)
			ExecutionOrderSort2 (0ms)
			AwakeInstancesAfterBackupRestoration (0ms)
Platform modules already initialized, skipping
Registering precompiled user dll's ...
Registered in 0.003491 seconds.
Begin MonoManager ReloadAssembly
Native extension for WindowsStandalone target not found
Native extension for WebGL target not found
Refreshing native plugins compatible for Editor in 0.69 ms, found 6 plugins.
Preloading 1 native plugins for Editor in 0.03 ms.
[XR] OculusXRPlugin: registering subsystems
[XR] Unable to register display lifecyle provider: [1]
[XR] Oculus Input lifecycle provider registered.
[XR] Unable to register input lifecyle provider: [1]
[XR] OVRP version 1.69.0
Mono: successfully reloaded assembly
- Completed reload, in  0.709 seconds
Domain Reload Profiling:
	ReloadAssembly (710ms)
		BeginReloadAssembly (97ms)
			ExecutionOrderSort (0ms)
			DisableScriptedObjects (3ms)
			BackupInstance (0ms)
			ReleaseScriptingObjects (0ms)
			CreateAndSetChildDomain (14ms)
		EndReloadAssembly (577ms)
			LoadAssemblies (69ms)
			RebuildTransferFunctionScriptingTraits (0ms)
			SetupTypeCache (196ms)
			ReleaseScriptCaches (0ms)
			RebuildScriptCaches (36ms)
			SetupLoadedEditorAssemblies (221ms)
				LogAssemblyErrors (0ms)
				InitializePlatformSupportModulesInManaged (3ms)
				SetLoadedEditorAssemblies (0ms)
				RefreshPlugins (1ms)
				BeforeProcessingInitializeOnLoad (43ms)
				ProcessInitializeOnLoadAttributes (160ms)
				ProcessInitializeOnLoadMethodAttributes (13ms)
				AfterProcessingInitializeOnLoad (1ms)
				EditorAssembliesLoaded (0ms)
			ExecutionOrderSort2 (0ms)
			AwakeInstancesAfterBackupRestoration (5ms)
Platform modules already initialized, skipping
========================================================================
Worker process is ready to serve import requests
Shader 'Oculus/OVRMRCameraFrameLit': fallback shader 'Alpha-Diffuse' not found
Launched and connected shader compiler UnityShaderCompiler.exe after 0.05 seconds
Refreshing native plugins compatible for Editor in 0.80 ms, found 6 plugins.
Preloading 1 native plugins for Editor in 0.03 ms.
Unloading 2597 Unused Serialized files (Serialized files now loaded: 0)
System memory in use before: 118.4 MB.
System memory in use after: 118.6 MB.

Unloading 46 unused Assets to reduce memory usage. Loaded Objects now: 3009.
Total: 2.544500 ms (FindLiveObjects: 0.188500 ms CreateObjectMapping: 0.063700 ms MarkObjects: 2.228200 ms  DeleteObjects: 0.063300 ms)

AssetImportParameters requested are different than current active one (requested -> active):
  custom:framework-win-MediaFoundation: 216162199b28c13a410421893ffa2e32 -> 
  custom:video-decoder-ogg-theora: a1e56fd34408186e4bbccfd4996cb3dc -> 
  custom:container-muxer-webm: aa71ff27fc2769a1b78a27578f13a17b -> 
  custom:container-demuxer-webm: 4f35f7cbe854078d1ac9338744f61a02 -> 
  custom:container-demuxer-ogg: 62fdf1f143b41e24485cea50d1cbac27 -> 
  custom:video-encoder-webm-vp8: eb34c28f22e8b96e1ab97ce403110664 -> 
  custom:video-decoder-webm-vp8: 9c59270c3fd7afecdb556c50c9e8de78 -> 
  custom:audio-decoder-ogg-vorbis: bf7c407c2cedff20999df2af8eb42d56 -> 
  custom:audio-encoder-webm-vorbis: bf7c407c2cedff20999df2af8eb42d56 -> 
========================================================================
Received Import Request.
  path: Assets/Oculus/VR/Materials/PlainMaterial.mat
  artifactKey: Guid(26cadeeaa29498d4889f43542f3add58) Importer(815301076,1909f56bfc062723c751e8b465ee728b)
Start importing Assets/Oculus/VR/Materials/PlainMaterial.mat using Guid(26cadeeaa29498d4889f43542f3add58) Importer(815301076,1909f56bfc062723c751e8b465ee728b)  -> (artifact id: '4ff24e490b795c696986951e62fcc69f') in 0.087355 seconds 
  Import took 0.090155 seconds .

========================================================================
Received Import Request.
  Time since last request: 0.000168 seconds.
  path: Assets/Oculus/VR/Materials/Arrow.mat
  artifactKey: Guid(669025377795b574da66d9bb2472fcab) Importer(815301076,1909f56bfc062723c751e8b465ee728b)
Start importing Assets/Oculus/VR/Materials/Arrow.mat using Guid(669025377795b574da66d9bb2472fcab) Importer(815301076,1909f56bfc062723c751e8b465ee728b)  -> (artifact id: '8805bc3e1c5a2d99c5fa9f3eec49dea8') in 0.016765 seconds 
  Import took 0.019790 seconds .

========================================================================
Received Import Request.
  Time since last request: 0.000146 seconds.
  path: Assets/Oculus/VR/Materials/SelectionRay.mat
  artifactKey: Guid(02f4d91e963f1e74d8bee0002c24efe7) Importer(815301076,1909f56bfc062723c751e8b465ee728b)
Start importing Assets/Oculus/VR/Materials/SelectionRay.mat using Guid(02f4d91e963f1e74d8bee0002c24efe7) Importer(815301076,1909f56bfc062723c751e8b465ee728b)  -> (artifact id: 'eedc31f8683301d9794af206a571f681') in 0.031976 seconds 
  Import took 0.034897 seconds .

========================================================================
Received Import Request.
  Time since last request: 0.000148 seconds.
  path: Assets/Oculus/VR/Materials/SelfieMat.mat
  artifactKey: Guid(8bad5fdcacc3848e08780239d9578531) Importer(815301076,1909f56bfc062723c751e8b465ee728b)
Start importing Assets/Oculus/VR/Materials/SelfieMat.mat using Guid(8bad5fdcacc3848e08780239d9578531) Importer(815301076,1909f56bfc062723c751e8b465ee728b)  -> (artifact id: 'a1ff3a9150243e403d73a3a843e246b8') in 0.027987 seconds 
  Import took 0.030704 seconds .

========================================================================
Received Import Request.
  Time since last request: 0.000156 seconds.
  path: Assets/Oculus/VR/Materials/BasicHandMaterial.mat
  artifactKey: Guid(5ba7d209f622bb44e87b47ce27ee27b7) Importer(815301076,1909f56bfc062723c751e8b465ee728b)
Start importing Assets/Oculus/VR/Materials/BasicHandMaterial.mat using Guid(5ba7d209f622bb44e87b47ce27ee27b7) Importer(815301076,1909f56bfc062723c751e8b465ee728b)  -> (artifact id: '548d031e70a093ed0d0dac0d71d9f775') in 0.130676 seconds 
  Import took 0.133615 seconds .

========================================================================
Received Import Request.
  Time since last request: 0.000151 seconds.
  path: Assets/Oculus/VR/Materials/CubeMaterial.mat
  artifactKey: Guid(62db2d638434d5a488dfb1e789e34b37) Importer(815301076,1909f56bfc062723c751e8b465ee728b)
Start importing Assets/Oculus/VR/Materials/CubeMaterial.mat using Guid(62db2d638434d5a488dfb1e789e34b37) Importer(815301076,1909f56bfc062723c751e8b465ee728b)  -> (artifact id: 'ebf91e2e4392390b04e656b1d3379422') in 0.023653 seconds 
  Import took 0.026743 seconds .

========================================================================
Received Import Request.
  Time since last request: 0.000132 seconds.
  path: Assets/Oculus/VR/Materials/SelfieImage.mat
  artifactKey: Guid(52ef173c94de14120b0d05f281d20054) Importer(815301076,1909f56bfc062723c751e8b465ee728b)
Start importing Assets/Oculus/VR/Materials/SelfieImage.mat using Guid(52ef173c94de14120b0d05f281d20054) Importer(815301076,1909f56bfc062723c751e8b465ee728b)  -> (artifact id: '087d4dfece0eb573d48e7593afa567bb') in 0.020346 seconds 
  Import took 0.024107 seconds .

========================================================================
Received Import Request.
  Time since last request: 0.000195 seconds.
  path: Assets/Oculus/VR/Materials/gaze_cursor.mat
  artifactKey: Guid(7f31de375e167154aa45929466af30e4) Importer(815301076,1909f56bfc062723c751e8b465ee728b)
Start importing Assets/Oculus/VR/Materials/gaze_cursor.mat using Guid(7f31de375e167154aa45929466af30e4) Importer(815301076,1909f56bfc062723c751e8b465ee728b)  -> (artifact id: '0daf3618cb3e8ff03a6eae6c15f25548') in 0.047193 seconds 
  Import took 0.050728 seconds .

========================================================================
Received Import Request.
  Time since last request: 0.000178 seconds.
  path: Assets/Oculus/VR/Materials/cursor_timer_material.mat
  artifactKey: Guid(9531aa878fd5c4749b288b72024e8d2f) Importer(815301076,1909f56bfc062723c751e8b465ee728b)
Start importing Assets/Oculus/VR/Materials/cursor_timer_material.mat using Guid(9531aa878fd5c4749b288b72024e8d2f) Importer(815301076,1909f56bfc062723c751e8b465ee728b)  -> (artifact id: '6519b50455d2346a1de89e34726034b3') in 0.042124 seconds 
  Import took 0.045006 seconds .

========================================================================
Received Import Request.
  Time since last request: 0.000142 seconds.
  path: Assets/Oculus/VR/Materials/GazePointer.mat
  artifactKey: Guid(3fac3b9744290eb4c89b0e4ffd5fe085) Importer(815301076,1909f56bfc062723c751e8b465ee728b)
Start importing Assets/Oculus/VR/Materials/GazePointer.mat using Guid(3fac3b9744290eb4c89b0e4ffd5fe085) Importer(815301076,1909f56bfc062723c751e8b465ee728b)  -> (artifact id: 'de41ad03c21a77720deea7ce0bf96d74') in 0.035743 seconds 
  Import took 0.039274 seconds .

========================================================================
Received Prepare
Registering precompiled user dll's ...
Registered in 0.004221 seconds.
Begin MonoManager ReloadAssembly
Native extension for WindowsStandalone target not found
Native extension for WebGL target not found
Refreshing native plugins compatible for Editor in 0.81 ms, found 6 plugins.
Preloading 1 native plugins for Editor in 0.03 ms.
Mono: successfully reloaded assembly
- Completed reload, in  0.639 seconds
Domain Reload Profiling:
	ReloadAssembly (639ms)
		BeginReloadAssembly (81ms)
			ExecutionOrderSort (0ms)
			DisableScriptedObjects (2ms)
			BackupInstance (0ms)
			ReleaseScriptingObjects (0ms)
			CreateAndSetChildDomain (24ms)
		EndReloadAssembly (524ms)
			LoadAssemblies (70ms)
			RebuildTransferFunctionScriptingTraits (0ms)
			SetupTypeCache (191ms)
			ReleaseScriptCaches (1ms)
			RebuildScriptCaches (24ms)
			SetupLoadedEditorAssemblies (188ms)
				LogAssemblyErrors (0ms)
				InitializePlatformSupportModulesInManaged (3ms)
				SetLoadedEditorAssemblies (0ms)
				RefreshPlugins (1ms)
				BeforeProcessingInitializeOnLoad (35ms)
				ProcessInitializeOnLoadAttributes (139ms)
				ProcessInitializeOnLoadMethodAttributes (8ms)
				AfterProcessingInitializeOnLoad (1ms)
				EditorAssembliesLoaded (0ms)
			ExecutionOrderSort2 (0ms)
			AwakeInstancesAfterBackupRestoration (4ms)
Platform modules already initialized, skipping
Switching build target platform(19) subTarget(0) extendedPlatform(0) -> platform(13) subTarget(524294) extendedPlatform(0)
Shader 'Oculus/OVRMRCameraFrameLit': fallback shader 'Alpha-Diffuse' not found
Refreshing native plugins compatible for Editor in 0.79 ms, found 6 plugins.
Preloading 1 native plugins for Editor in 0.03 ms.
Unloading 2507 Unused Serialized files (Serialized files now loaded: 0)
System memory in use before: 113.4 MB.
System memory in use after: 113.7 MB.

Unloading 41 unused Assets to reduce memory usage. Loaded Objects now: 3054.
Total: 2.666200 ms (FindLiveObjects: 0.191400 ms CreateObjectMapping: 0.063400 ms MarkObjects: 2.389700 ms  DeleteObjects: 0.021000 ms)

AssetImportParameters requested are different than current active one (requested -> active):
  custom:framework-win-MediaFoundation: 216162199b28c13a410421893ffa2e32 -> 
  custom:video-decoder-ogg-theora: a1e56fd34408186e4bbccfd4996cb3dc -> 
  custom:container-muxer-webm: aa71ff27fc2769a1b78a27578f13a17b -> 
  custom:container-demuxer-webm: 4f35f7cbe854078d1ac9338744f61a02 -> 
  custom:container-demuxer-ogg: 62fdf1f143b41e24485cea50d1cbac27 -> 
  custom:video-encoder-webm-vp8: eb34c28f22e8b96e1ab97ce403110664 -> 
  custom:video-decoder-webm-vp8: 9c59270c3fd7afecdb556c50c9e8de78 -> 
  custom:graphics/normal-map-encoding: 01000000000000000000000000000000 -> 02000000000000000000000000000000
  custom:audio-decoder-ogg-vorbis: bf7c407c2cedff20999df2af8eb42d56 -> 
  custom:audio-encoder-webm-vorbis: bf7c407c2cedff20999df2af8eb42d56 -> 
========================================================================
Received Import Request.
  Time since last request: 1694.289274 seconds.
  path: Assets/Oculus/VR/Materials/OVRTrackedKeyboard
  artifactKey: Guid(b6adb69179640a14186daa49756cc13f) Importer(815301076,1909f56bfc062723c751e8b465ee728b)
Start importing Assets/Oculus/VR/Materials/OVRTrackedKeyboard using Guid(b6adb69179640a14186daa49756cc13f) Importer(815301076,1909f56bfc062723c751e8b465ee728b)  -> (artifact id: '3b0b0efdc29b26f13e1c0dcf2fb57256') in 0.008957 seconds 
  Import took 0.012361 seconds .

========================================================================
Received Import Request.
  Time since last request: 0.038294 seconds.
  path: Assets/Oculus/VR/Materials/OVRTrackedKeyboard/BillboardMask.mat
  artifactKey: Guid(e5efaaa7295b60c4b99c88ff76db4d0c) Importer(815301076,1909f56bfc062723c751e8b465ee728b)
Start importing Assets/Oculus/VR/Materials/OVRTrackedKeyboard/BillboardMask.mat using Guid(e5efaaa7295b60c4b99c88ff76db4d0c) Importer(815301076,1909f56bfc062723c751e8b465ee728b)  -> (artifact id: 'e40634c7d8ddbf961859774eaf5b6013') in 0.077347 seconds 
  Import took 0.080605 seconds .

========================================================================
Received Import Request.
  Time since last request: 10.571277 seconds.
  path: Assets/Oculus/VR/Scenes
  artifactKey: Guid(68bc04068edcc1a4d89699ab4e2e69ae) Importer(815301076,1909f56bfc062723c751e8b465ee728b)
Start importing Assets/Oculus/VR/Scenes using Guid(68bc04068edcc1a4d89699ab4e2e69ae) Importer(815301076,1909f56bfc062723c751e8b465ee728b)  -> (artifact id: '125fc48d55c2bdc0a54aeb7f9c0eb5fe') in 0.009190 seconds 
  Import took 0.012532 seconds .

========================================================================
Received Prepare
Registering precompiled user dll's ...
Registered in 0.003381 seconds.
Begin MonoManager ReloadAssembly
Native extension for WindowsStandalone target not found
Native extension for WebGL target not found
Refreshing native plugins compatible for Editor in 0.78 ms, found 6 plugins.
Preloading 1 native plugins for Editor in 0.03 ms.
Mono: successfully reloaded assembly
- Completed reload, in  0.635 seconds
Domain Reload Profiling:
	ReloadAssembly (635ms)
		BeginReloadAssembly (81ms)
			ExecutionOrderSort (0ms)
			DisableScriptedObjects (2ms)
			BackupInstance (0ms)
			ReleaseScriptingObjects (0ms)
			CreateAndSetChildDomain (25ms)
		EndReloadAssembly (519ms)
			LoadAssemblies (67ms)
			RebuildTransferFunctionScriptingTraits (0ms)
			SetupTypeCache (187ms)
			ReleaseScriptCaches (1ms)
			RebuildScriptCaches (25ms)
			SetupLoadedEditorAssemblies (185ms)
				LogAssemblyErrors (0ms)
				InitializePlatformSupportModulesInManaged (3ms)
				SetLoadedEditorAssemblies (0ms)
				RefreshPlugins (1ms)
				BeforeProcessingInitializeOnLoad (33ms)
				ProcessInitializeOnLoadAttributes (138ms)
				ProcessInitializeOnLoadMethodAttributes (8ms)
				AfterProcessingInitializeOnLoad (1ms)
				EditorAssembliesLoaded (0ms)
			ExecutionOrderSort2 (0ms)
			AwakeInstancesAfterBackupRestoration (4ms)
Platform modules already initialized, skipping
Switching build target platform(19) subTarget(0) extendedPlatform(0) -> platform(13) subTarget(524294) extendedPlatform(0)
Shader 'Oculus/OVRMRCameraFrameLit': fallback shader 'Alpha-Diffuse' not found
Refreshing native plugins compatible for Editor in 0.70 ms, found 6 plugins.
Preloading 1 native plugins for Editor in 0.03 ms.
Unloading 2507 Unused Serialized files (Serialized files now loaded: 0)
System memory in use before: 113.5 MB.
System memory in use after: 113.7 MB.

Unloading 41 unused Assets to reduce memory usage. Loaded Objects now: 3058.
Total: 2.400700 ms (FindLiveObjects: 0.194200 ms CreateObjectMapping: 0.063700 ms MarkObjects: 2.120100 ms  DeleteObjects: 0.021900 ms)

AssetImportParameters requested are different than current active one (requested -> active):
  custom:framework-win-MediaFoundation: 216162199b28c13a410421893ffa2e32 -> 
  custom:video-decoder-ogg-theora: a1e56fd34408186e4bbccfd4996cb3dc -> 
  custom:container-muxer-webm: aa71ff27fc2769a1b78a27578f13a17b -> 
  custom:container-demuxer-webm: 4f35f7cbe854078d1ac9338744f61a02 -> 
  custom:container-demuxer-ogg: 62fdf1f143b41e24485cea50d1cbac27 -> 
  custom:video-encoder-webm-vp8: eb34c28f22e8b96e1ab97ce403110664 -> 
  custom:video-decoder-webm-vp8: 9c59270c3fd7afecdb556c50c9e8de78 -> 
  custom:graphics/normal-map-encoding: 01000000000000000000000000000000 -> 02000000000000000000000000000000
  custom:audio-decoder-ogg-vorbis: bf7c407c2cedff20999df2af8eb42d56 -> 
  custom:audio-encoder-webm-vorbis: bf7c407c2cedff20999df2af8eb42d56 -> 
AssetImportWorkerClient::OnTransportError - code=2 error=End of file
